Using pre-set license
Built from '2020.3/release' branch; Version is '2020.3.12f1 (b3b2c6512326) revision 11776710'; Using compiler version '192528614'; Build Type 'Release'
OS: 'Windows 10 Home Single Language; OS build 19042.1165; Version 2009; 64bit' Language: 'es' Physical Memory: 16235 MB
BatchMode: 1, IsHumanControllingUs: 0, StartBugReporterOnCrash: 0, Is64bit: 1, IsPro: 0

 COMMAND LINE ARGUMENTS:
C:\Program Files\Unity\Hub\Editor\2020.3.12f1\Editor\Unity.exe
-adb2
-batchMode
-noUpm
-name
AssetImportWorker0
-projectPath
D:/Escritorio/Unity (Juegos)/Trabajos externos/2D/Michis Espaciales FRJuegos/Rev1
-logFile
Logs/AssetImportWorker0.log
-srvPort
51690
Successfully changed project path to: D:/Escritorio/Unity (Juegos)/Trabajos externos/2D/Michis Espaciales FRJuegos/Rev1
D:/Escritorio/Unity (Juegos)/Trabajos externos/2D/Michis Espaciales FRJuegos/Rev1
Using Asset Import Pipeline V2.
Refreshing native plugins compatible for Editor in 64.85 ms, found 2 plugins.
Preloading 0 native plugins for Editor in 0.00 ms.
Initialize engine version: 2020.3.12f1 (b3b2c6512326)
[Subsystems] Discovering subsystems at path C:/Program Files/Unity/Hub/Editor/2020.3.12f1/Editor/Data/Resources/UnitySubsystems
[Subsystems] Discovering subsystems at path D:/Escritorio/Unity (Juegos)/Trabajos externos/2D/Michis Espaciales FRJuegos/Rev1/Assets
GfxDevice: creating device client; threaded=0
Direct3D:
    Version:  Direct3D 11.0 [level 11.1]
    Renderer: NVIDIA GeForce GTX 1650 (ID=0x1f91)
    Vendor:   
    VRAM:     3962 MB
    Driver:   30.0.14.7168
Initialize mono
Mono path[0] = 'C:/Program Files/Unity/Hub/Editor/2020.3.12f1/Editor/Data/Managed'
Mono path[1] = 'C:/Program Files/Unity/Hub/Editor/2020.3.12f1/Editor/Data/MonoBleedingEdge/lib/mono/unityjit'
Mono config path = 'C:/Program Files/Unity/Hub/Editor/2020.3.12f1/Editor/Data/MonoBleedingEdge/etc'
Using monoOptions --debugger-agent=transport=dt_socket,embedding=1,server=y,suspend=n,address=127.0.0.1:56444
Begin MonoManager ReloadAssembly
Registering precompiled unity dll's ...
Register platform support module: C:/Program Files/Unity/Hub/Editor/2020.3.12f1/Editor/Data/PlaybackEngines/WebGLSupport/UnityEditor.WebGL.Extensions.dll
Register platform support module: C:/Program Files/Unity/Hub/Editor/2020.3.12f1/Editor/Data/PlaybackEngines/MacStandaloneSupport/UnityEditor.OSXStandalone.Extensions.dll
Register platform support module: C:/Program Files/Unity/Hub/Editor/2020.3.12f1/Editor/Data/PlaybackEngines/WindowsStandaloneSupport/UnityEditor.WindowsStandalone.Extensions.dll
Registered in 0.003819 seconds.
Native extension for WindowsStandalone target not found
Native extension for OSXStandalone target not found
Native extension for WebGL target not found
Refreshing native plugins compatible for Editor in 80.09 ms, found 2 plugins.
Preloading 0 native plugins for Editor in 0.00 ms.
Mono: successfully reloaded assembly
- Completed reload, in  3.114 seconds
Platform modules already initialized, skipping
Registering precompiled user dll's ...
Registered in 0.007447 seconds.
Begin MonoManager ReloadAssembly
Native extension for WindowsStandalone target not found
Native extension for OSXStandalone target not found
Native extension for WebGL target not found
Refreshing native plugins compatible for Editor in 0.72 ms, found 2 plugins.
Preloading 0 native plugins for Editor in 0.00 ms.
Mono: successfully reloaded assembly
- Completed reload, in  1.691 seconds
Platform modules already initialized, skipping
========================================================================
Worker process is ready to serve import requests
Launched and connected shader compiler UnityShaderCompiler.exe after 0.05 seconds
Refreshing native plugins compatible for Editor in 0.73 ms, found 2 plugins.
Preloading 0 native plugins for Editor in 0.00 ms.
Unloading 1994 Unused Serialized files (Serialized files now loaded: 0)
System memory in use before: 87.5 MB.
System memory in use after: 87.6 MB.

Unloading 50 unused Assets to reduce memory usage. Loaded Objects now: 2413.
Total: 2.989100 ms (FindLiveObjects: 0.230900 ms CreateObjectMapping: 0.090600 ms MarkObjects: 2.555200 ms  DeleteObjects: 0.111000 ms)

AssetImportParameters requested are different than current active one (requested -> active):
  custom:framework-win-MediaFoundation: 216162199b28c13a410421893ffa2e32 -> 
  custom:video-decoder-ogg-theora: a1e56fd34408186e4bbccfd4996cb3dc -> 
  custom:container-muxer-webm: aa71ff27fc2769a1b78a27578f13a17b -> 
  custom:container-demuxer-webm: 4f35f7cbe854078d1ac9338744f61a02 -> 
  custom:container-demuxer-ogg: 62fdf1f143b41e24485cea50d1cbac27 -> 
  custom:video-encoder-webm-vp8: eb34c28f22e8b96e1ab97ce403110664 -> 
  custom:video-codec-MediaFoundation-h265: 746d11721c4dcdbdad8f713fa42b33f4 -> 
  custom:video-decoder-webm-vp8: 9c59270c3fd7afecdb556c50c9e8de78 -> 
  custom:audio-decoder-ogg-vorbis: bf7c407c2cedff20999df2af8eb42d56 -> 
  custom:audio-encoder-webm-vorbis: bf7c407c2cedff20999df2af8eb42d56 -> 
========================================================================
Received Import Request.
  path: Assets/Sprites/UI/Fondos/Menu jugar
  artifactKey: Guid(21c03165ea25906499ad23dfdf592c8a) Importer(815301076,1909f56bfc062723c751e8b465ee728b)
Start importing Assets/Sprites/UI/Fondos/Menu jugar using Guid(21c03165ea25906499ad23dfdf592c8a) Importer(815301076,1909f56bfc062723c751e8b465ee728b)  -> (artifact id: '3611d17c533a5f4a66be1a94c18ea0d4') in 0.012297 seconds 
  Import took 0.114858 seconds .

========================================================================
Received Import Request.
  Time since last request: 2.740914 seconds.
  path: Assets/Sprites/UI/Fondos/Menu jugar/FONDOMAPA 1.png
  artifactKey: Guid(a4aaed739328b3e48bdc5b347d262833) Importer(815301076,1909f56bfc062723c751e8b465ee728b)
Start importing Assets/Sprites/UI/Fondos/Menu jugar/FONDOMAPA 1.png using Guid(a4aaed739328b3e48bdc5b347d262833) Importer(815301076,1909f56bfc062723c751e8b465ee728b)  -> (artifact id: 'bb336cee55ae0e1dd03d248c1dd94b22') in 0.212954 seconds 
  Import took 0.217522 seconds .

========================================================================
Received Import Request.
  Time since last request: 0.000336 seconds.
  path: Assets/Sprites/UI/Fondos/Menu jugar/FONDOMAPA 2.png
  artifactKey: Guid(0d3aeaf5f421d05408cfb390a9df2ead) Importer(815301076,1909f56bfc062723c751e8b465ee728b)
Start importing Assets/Sprites/UI/Fondos/Menu jugar/FONDOMAPA 2.png using Guid(0d3aeaf5f421d05408cfb390a9df2ead) Importer(815301076,1909f56bfc062723c751e8b465ee728b)  -> (artifact id: '0436ddcfb6700dfeae58c0a5a78ba565') in 0.047732 seconds 
  Import took 0.051765 seconds .

========================================================================
Received Import Request.
  Time since last request: 139.234990 seconds.
  path: Assets/Sprites/UI/Fondos/Menu jugar/FONDOMAPA 1.png
  artifactKey: Guid(a4aaed739328b3e48bdc5b347d262833) Importer(815301076,1909f56bfc062723c751e8b465ee728b)
Start importing Assets/Sprites/UI/Fondos/Menu jugar/FONDOMAPA 1.png using Guid(a4aaed739328b3e48bdc5b347d262833) Importer(815301076,1909f56bfc062723c751e8b465ee728b)  -> (artifact id: 'e9aa9cf062ba4818ff6404045e29e3a0') in 0.012947 seconds 
  Import took 0.017833 seconds .

========================================================================
Received Import Request.
  Time since last request: 0.002191 seconds.
  path: Assets/Sprites/UI/Fondos/Menu jugar/FONDOMAPA 1.png
  artifactKey: Guid(a4aaed739328b3e48bdc5b347d262833) Importer(815301076,1909f56bfc062723c751e8b465ee728b)
Start importing Assets/Sprites/UI/Fondos/Menu jugar/FONDOMAPA 1.png using Guid(a4aaed739328b3e48bdc5b347d262833) Importer(815301076,1909f56bfc062723c751e8b465ee728b)  -> (artifact id: 'e9aa9cf062ba4818ff6404045e29e3a0') in 0.011528 seconds 
  Import took 0.015925 seconds .

========================================================================
Received Import Request.
  Time since last request: 21.164406 seconds.
  path: Assets/Sprites/UI/Fondos/Menu jugar/FONDOMAPA 1.png
  artifactKey: Guid(a4aaed739328b3e48bdc5b347d262833) Importer(815301076,1909f56bfc062723c751e8b465ee728b)
Start importing Assets/Sprites/UI/Fondos/Menu jugar/FONDOMAPA 1.png using Guid(a4aaed739328b3e48bdc5b347d262833) Importer(815301076,1909f56bfc062723c751e8b465ee728b)  -> (artifact id: '0d67126947c258338715df3e9aef3bca') in 0.012340 seconds 
  Import took 0.016716 seconds .

========================================================================
Received Import Request.
  Time since last request: 56.823383 seconds.
  path: Assets/Sprites/UI/Fondos/Menu jugar/FONDOMAPA 1.png
  artifactKey: Guid(a4aaed739328b3e48bdc5b347d262833) Importer(815301076,1909f56bfc062723c751e8b465ee728b)
Start importing Assets/Sprites/UI/Fondos/Menu jugar/FONDOMAPA 1.png using Guid(a4aaed739328b3e48bdc5b347d262833) Importer(815301076,1909f56bfc062723c751e8b465ee728b)  -> (artifact id: '38923a883e69a62f25711f4d7c48b50f') in 0.035204 seconds 
  Import took 0.039550 seconds .

========================================================================
Received Import Request.
  Time since last request: 15.643916 seconds.
  path: Assets/Sprites/UI/Fondos/Menu jugar/FONDOMAPA 1.png
  artifactKey: Guid(a4aaed739328b3e48bdc5b347d262833) Importer(815301076,1909f56bfc062723c751e8b465ee728b)
Start importing Assets/Sprites/UI/Fondos/Menu jugar/FONDOMAPA 1.png using Guid(a4aaed739328b3e48bdc5b347d262833) Importer(815301076,1909f56bfc062723c751e8b465ee728b)  -> (artifact id: '55c23f1fab217899a7a2d29f136bb5ff') in 0.019068 seconds 
  Import took 0.023408 seconds .

AssetImportWorkerClient::OnTransportError - code=2 error=End of file
